-- Configuring done
-- Generating done
-- Build files have been written to: /space/aoa_delta/build
[  2%] Built target MyAna
[ 85%] Built target f_generate_and_eval_multi_residuals
Scanning dependencies of target AAnalysis
[ 86%] Building CXX object matlab_code/CMakeFiles/AAnalysis.dir/__/src/AAnalysis.cc.o
[ 88%] Linking CXX shared library libAAnalysis.so
[ 88%] Built target AAnalysis
[ 89%] Linking CXX executable doocsRawOpenExample
Scanning dependencies of target data_test
Scanning dependencies of target daqanalysis
[ 91%] Building CXX object data_test/CMakeFiles/data_test.dir/data_test.cpp.o
Scanning dependencies of target aoa_app
[ 92%] Building CXX object daq_ana/CMakeFiles/daqanalysis.dir/daqanalysis.cpp.o
[ 94%] Building CXX object CMakeFiles/aoa_app.dir/src/aoa.cc.o
[ 95%] Built target doocsRawOpenExample
[ 97%] Linking CXX executable data_test
[ 97%] Built target data_test
[ 98%] Linking CXX executable daqanalysis
[ 98%] Built target daqanalysis
[100%] Linking CXX executable aoa_app
[100%] Built target aoa_app
