-- Configuring done
-- Generating done
-- Build files have been written to: /space/aoa_delta/build
[  3%] Built target MyAna
[  6%] Building C object matlab_code/f_generate_and_eval_multi_residuals_dwql/CMakeFiles/f_generate_and_eval_multi_residuals_dwql.dir/f_cavitySystem.c.o
[  6%] Building C object matlab_code/f_generate_and_eval_multi_residuals_dwql/CMakeFiles/f_generate_and_eval_multi_residuals_dwql.dir/calcSigmaPoints.c.o
[ 12%] Building C object matlab_code/f_generate_and_eval_multi_residuals_dwql/CMakeFiles/f_generate_and_eval_multi_residuals_dwql.dir/exp.c.o
[ 13%] Building C object matlab_code/f_generate_and_eval_multi_residuals_dwql/CMakeFiles/f_generate_and_eval_multi_residuals_dwql.dir/cov.c.o
[ 13%] Building C object matlab_code/f_generate_and_eval_multi_residuals_dwql/CMakeFiles/f_generate_and_eval_multi_residuals_dwql.dir/f_comp_dw_ql_Rybaniec.c.o
[ 10%] Building C object matlab_code/f_generate_and_eval_multi_residuals_dwql/CMakeFiles/f_generate_and_eval_multi_residuals_dwql.dir/diff.c.o
[ 15%] Building C object matlab_code/f_generate_and_eval_multi_residuals_dwql/CMakeFiles/f_generate_and_eval_multi_residuals_dwql.dir/colon.c.o
[ 15%] Building C object matlab_code/f_generate_and_eval_multi_residuals_dwql/CMakeFiles/f_generate_and_eval_multi_residuals_dwql.dir/f_calibrateData.c.o
[ 18%] Building C object matlab_code/f_generate_and_eval_multi_residuals_dwql/CMakeFiles/f_generate_and_eval_multi_residuals_dwql.dir/f_compute_parity_Res2_full.c.o
[ 18%] Building C object matlab_code/f_generate_and_eval_multi_residuals_dwql/CMakeFiles/f_generate_and_eval_multi_residuals_dwql.dir/f_computeQL.c.o
[ 20%] Building C object matlab_code/f_generate_and_eval_multi_residuals_dwql/CMakeFiles/f_generate_and_eval_multi_residuals_dwql.dir/f_compute_ukf_residual_fixdw.c.o
[ 21%] Building C object matlab_code/f_generate_and_eval_multi_residuals_dwql/CMakeFiles/f_generate_and_eval_multi_residuals_dwql.dir/f_compute_ukf_residual_not_pers.c.o
[ 23%] Building C object matlab_code/f_generate_and_eval_multi_residuals_dwql/CMakeFiles/f_generate_and_eval_multi_residuals_dwql.dir/f_generate_and_eval_multi_residuals_dwql.c.o
[ 24%] Building C object matlab_code/f_generate_and_eval_multi_residuals_dwql/CMakeFiles/f_generate_and_eval_multi_residuals_dwql.dir/f_generate_and_eval_multi_residuals_dwql_data.c.o
[ 26%] Building C object matlab_code/f_generate_and_eval_multi_residuals_dwql/CMakeFiles/f_generate_and_eval_multi_residuals_dwql.dir/f_generate_and_eval_multi_residuals_dwql_emxAPI.c.o
[ 27%] Building C object matlab_code/f_generate_and_eval_multi_residuals_dwql/CMakeFiles/f_generate_and_eval_multi_residuals_dwql.dir/f_generate_and_eval_multi_residuals_dwql_emxutil.c.o
[ 29%] Building C object matlab_code/f_generate_and_eval_multi_residuals_dwql/CMakeFiles/f_generate_and_eval_multi_residuals_dwql.dir/f_generate_and_eval_multi_residuals_dwql_initialize.c.o
[ 30%] Building C object matlab_code/f_generate_and_eval_multi_residuals_dwql/CMakeFiles/f_generate_and_eval_multi_residuals_dwql.dir/f_generate_and_eval_multi_residuals_dwql_rtwutil.c.o
[ 32%] Building C object matlab_code/f_generate_and_eval_multi_residuals_dwql/CMakeFiles/f_generate_and_eval_multi_residuals_dwql.dir/f_generate_and_eval_multi_residuals_dwql_terminate.c.o
[ 33%] Building C object matlab_code/f_generate_and_eval_multi_residuals_dwql/CMakeFiles/f_generate_and_eval_multi_residuals_dwql.dir/f_generate_online_parityRes1_full.c.o
[ 35%] Building C object matlab_code/f_generate_and_eval_multi_residuals_dwql/CMakeFiles/f_generate_and_eval_multi_residuals_dwql.dir/f_generate_online_UKF_residual_full.c.o
[ 36%] Building C object matlab_code/f_generate_and_eval_multi_residuals_dwql/CMakeFiles/f_generate_and_eval_multi_residuals_dwql.dir/f_generate_online_parityRes2_full.c.o
[ 40%] Building C object matlab_code/f_generate_and_eval_multi_residuals_dwql/CMakeFiles/f_generate_and_eval_multi_residuals_dwql.dir/f_generate_online_UKF_residual_full_dwfix.c.o
[ 40%] Building C object matlab_code/f_generate_and_eval_multi_residuals_dwql/CMakeFiles/f_generate_and_eval_multi_residuals_dwql.dir/f_GLT.c.o
[ 43%] Building C object matlab_code/f_generate_and_eval_multi_residuals_dwql/CMakeFiles/f_generate_and_eval_multi_residuals_dwql.dir/filter.c.o
[ 43%] Building C object matlab_code/f_generate_and_eval_multi_residuals_dwql/CMakeFiles/f_generate_and_eval_multi_residuals_dwql.dir/find.c.o
[ 44%] Building C object matlab_code/f_generate_and_eval_multi_residuals_dwql/CMakeFiles/f_generate_and_eval_multi_residuals_dwql.dir/inv.c.o
[ 46%] Building C object matlab_code/f_generate_and_eval_multi_residuals_dwql/CMakeFiles/f_generate_and_eval_multi_residuals_dwql.dir/isSymmetricPositiveSemiDefinite.c.o
[ 47%] Building C object matlab_code/f_generate_and_eval_multi_residuals_dwql/CMakeFiles/f_generate_and_eval_multi_residuals_dwql.dir/mean.c.o
[ 56%] Building C object matlab_code/f_generate_and_eval_multi_residuals_dwql/CMakeFiles/f_generate_and_eval_multi_residuals_dwql.dir/median.c.o
[ 58%] Building C object matlab_code/f_generate_and_eval_multi_residuals_dwql/CMakeFiles/f_generate_and_eval_multi_residuals_dwql.dir/minOrMax.c.o
[ 60%] Building C object matlab_code/f_generate_and_eval_multi_residuals_dwql/CMakeFiles/f_generate_and_eval_multi_residuals_dwql.dir/quickselect.c.o
[ 60%] Building C object matlab_code/f_generate_and_eval_multi_residuals_dwql/CMakeFiles/f_generate_and_eval_multi_residuals_dwql.dir/rtGetInf.c.o
[ 60%] Building C object matlab_code/f_generate_and_eval_multi_residuals_dwql/CMakeFiles/f_generate_and_eval_multi_residuals_dwql.dir/rt_nonfinite.c.o
[ 60%] Building C object matlab_code/f_generate_and_eval_multi_residuals_dwql/CMakeFiles/f_generate_and_eval_multi_residuals_dwql.dir/repmat.c.o
[ 60%] Building C object matlab_code/f_generate_and_eval_multi_residuals_dwql/CMakeFiles/f_generate_and_eval_multi_residuals_dwql.dir/rtGetNaN.c.o
[ 58%] Building C object matlab_code/f_generate_and_eval_multi_residuals_dwql/CMakeFiles/f_generate_and_eval_multi_residuals_dwql.dir/mode.c.o
[ 63%] Building C object matlab_code/f_generate_and_eval_multi_residuals_dwql/CMakeFiles/f_generate_and_eval_multi_residuals_dwql.dir/smoothdata.c.o
[ 63%] Building C object matlab_code/f_generate_and_eval_multi_residuals_dwql/CMakeFiles/f_generate_and_eval_multi_residuals_dwql.dir/sort.c.o
[ 66%] Building C object matlab_code/f_generate_and_eval_multi_residuals_dwql/CMakeFiles/f_generate_and_eval_multi_residuals_dwql.dir/svd.c.o
[ 72%] Building C object matlab_code/f_generate_and_eval_multi_residuals_dwql/CMakeFiles/f_generate_and_eval_multi_residuals_dwql.dir/UnscentedKalmanFilter.c.o
[ 72%] Building C object matlab_code/f_generate_and_eval_multi_residuals_dwql/CMakeFiles/f_generate_and_eval_multi_residuals_dwql.dir/xdotc.c.o
[ 72%] Building C object matlab_code/f_generate_and_eval_multi_residuals_dwql/CMakeFiles/f_generate_and_eval_multi_residuals_dwql.dir/sortIdx.c.o
[ 72%] Building C object matlab_code/f_generate_and_eval_multi_residuals_dwql/CMakeFiles/f_generate_and_eval_multi_residuals_dwql.dir/var.c.o
[ 73%] Building C object matlab_code/f_generate_and_eval_multi_residuals_dwql/CMakeFiles/f_generate_and_eval_multi_residuals_dwql.dir/xaxpy.c.o
[ 75%] Building C object matlab_code/f_generate_and_eval_multi_residuals_dwql/CMakeFiles/f_generate_and_eval_multi_residuals_dwql.dir/xnrm2.c.o
[ 75%] Building C object matlab_code/f_generate_and_eval_multi_residuals_dwql/CMakeFiles/f_generate_and_eval_multi_residuals_dwql.dir/xrot.c.o
[ 76%] Building C object matlab_code/f_generate_and_eval_multi_residuals_dwql/CMakeFiles/f_generate_and_eval_multi_residuals_dwql.dir/xrotg.c.o
[ 78%] Building C object matlab_code/f_generate_and_eval_multi_residuals_dwql/CMakeFiles/f_generate_and_eval_multi_residuals_dwql.dir/xswap.c.o
[ 80%] Linking C shared library libf_generate_and_eval_multi_residuals_dwql.so
[ 80%] Built target f_generate_and_eval_multi_residuals_dwql
Scanning dependencies of target AAnalysis
[ 81%] Building CXX object matlab_code/CMakeFiles/AAnalysis.dir/__/src/AAnalysis.cc.o
[ 83%] Linking CXX shared library libAAnalysis.so
[ 83%] Built target AAnalysis
[ 84%] Linking CXX executable doocsRawOpenExample
Scanning dependencies of target data_test
[ 86%] Building CXX object data_test/CMakeFiles/data_test.dir/data_test.cpp.o
Scanning dependencies of target ladybug
Scanning dependencies of target daqanalysis
[ 87%] Building CXX object daq_ana/CMakeFiles/ladybug.dir/ladybug.cpp.o
[ 89%] Building CXX object daq_ana/CMakeFiles/daqanalysis.dir/daqanalysis.cpp.o
Scanning dependencies of target aoa_app
[ 90%] Building CXX object CMakeFiles/aoa_app.dir/src/aoa.cc.o
[ 92%] Built target doocsRawOpenExample
[ 93%] Linking CXX executable data_test
[ 93%] Built target data_test
[ 95%] Linking CXX executable ladybug
[ 96%] Linking CXX executable daqanalysis
[ 98%] Built target ladybug
[ 98%] Built target daqanalysis
[100%] Linking CXX executable aoa_app
[100%] Built target aoa_app
