-- Configuring done
-- Generating done
-- Build files have been written to: /space/aoa_delta/build
[  3%] Built target MyAna
Scanning dependencies of target f_generate_and_eval_multi_residuals_dwql
[  9%] Building C object matlab_code/f_generate_and_eval_multi_residuals_dwql/CMakeFiles/f_generate_and_eval_multi_residuals_dwql.dir/colon.c.o
[  9%] Building C object matlab_code/f_generate_and_eval_multi_residuals_dwql/CMakeFiles/f_generate_and_eval_multi_residuals_dwql.dir/calcSigmaPoints.c.o
[  9%] Building C object matlab_code/f_generate_and_eval_multi_residuals_dwql/CMakeFiles/f_generate_and_eval_multi_residuals_dwql.dir/diff.c.o
[  9%] Building C object matlab_code/f_generate_and_eval_multi_residuals_dwql/CMakeFiles/f_generate_and_eval_multi_residuals_dwql.dir/cov.c.o
[ 10%] Building C object matlab_code/f_generate_and_eval_multi_residuals_dwql/CMakeFiles/f_generate_and_eval_multi_residuals_dwql.dir/exp.c.o
[ 13%] Building C object matlab_code/f_generate_and_eval_multi_residuals_dwql/CMakeFiles/f_generate_and_eval_multi_residuals_dwql.dir/f_cavitySystem.c.o
[ 13%] Building C object matlab_code/f_generate_and_eval_multi_residuals_dwql/CMakeFiles/f_generate_and_eval_multi_residuals_dwql.dir/f_calibrateData.c.o
[ 15%] Building C object matlab_code/f_generate_and_eval_multi_residuals_dwql/CMakeFiles/f_generate_and_eval_multi_residuals_dwql.dir/f_comp_dw_ql_Rybaniec.c.o
matlab_code/f_generate_and_eval_multi_residuals_dwql/CMakeFiles/f_generate_and_eval_multi_residuals_dwql.dir/build.make:62: recipe for target 'matlab_code/f_generate_and_eval_multi_residuals_dwql/CMakeFiles/f_generate_and_eval_multi_residuals_dwql.dir/calcSigmaPoints.c.o' failed
matlab_code/f_generate_and_eval_multi_residuals_dwql/CMakeFiles/f_generate_and_eval_multi_residuals_dwql.dir/build.make:206: recipe for target 'matlab_code/f_generate_and_eval_multi_residuals_dwql/CMakeFiles/f_generate_and_eval_multi_residuals_dwql.dir/f_cavitySystem.c.o' failed
matlab_code/f_generate_and_eval_multi_residuals_dwql/CMakeFiles/f_generate_and_eval_multi_residuals_dwql.dir/build.make:134: recipe for target 'matlab_code/f_generate_and_eval_multi_residuals_dwql/CMakeFiles/f_generate_and_eval_multi_residuals_dwql.dir/diff.c.o' failed
matlab_code/f_generate_and_eval_multi_residuals_dwql/CMakeFiles/f_generate_and_eval_multi_residuals_dwql.dir/build.make:110: recipe for target 'matlab_code/f_generate_and_eval_multi_residuals_dwql/CMakeFiles/f_generate_and_eval_multi_residuals_dwql.dir/cov.c.o' failed
matlab_code/f_generate_and_eval_multi_residuals_dwql/CMakeFiles/f_generate_and_eval_multi_residuals_dwql.dir/build.make:230: recipe for target 'matlab_code/f_generate_and_eval_multi_residuals_dwql/CMakeFiles/f_generate_and_eval_multi_residuals_dwql.dir/f_comp_dw_ql_Rybaniec.c.o' failed
matlab_code/f_generate_and_eval_multi_residuals_dwql/CMakeFiles/f_generate_and_eval_multi_residuals_dwql.dir/build.make:86: recipe for target 'matlab_code/f_generate_and_eval_multi_residuals_dwql/CMakeFiles/f_generate_and_eval_multi_residuals_dwql.dir/colon.c.o' failed
matlab_code/f_generate_and_eval_multi_residuals_dwql/CMakeFiles/f_generate_and_eval_multi_residuals_dwql.dir/build.make:182: recipe for target 'matlab_code/f_generate_and_eval_multi_residuals_dwql/CMakeFiles/f_generate_and_eval_multi_residuals_dwql.dir/f_calibrateData.c.o' failed
matlab_code/f_generate_and_eval_multi_residuals_dwql/CMakeFiles/f_generate_and_eval_multi_residuals_dwql.dir/build.make:158: recipe for target 'matlab_code/f_generate_and_eval_multi_residuals_dwql/CMakeFiles/f_generate_and_eval_multi_residuals_dwql.dir/exp.c.o' failed
CMakeFiles/Makefile2:180: recipe for target 'matlab_code/f_generate_and_eval_multi_residuals_dwql/CMakeFiles/f_generate_and_eval_multi_residuals_dwql.dir/all' failed
Makefile:83: recipe for target 'all' failed
