-- Configuring done
-- Generating done
-- Build files have been written to: /space/aoa_delta/build
[  2%] Built target MyAna
[ 83%] Built target f_generate_and_eval_multi_residuals_dwfix
Scanning dependencies of target AAnalysis
[ 85%] Building CXX object matlab_code/CMakeFiles/AAnalysis.dir/__/src/AAnalysis.cc.o
[ 86%] Linking CXX shared library libAAnalysis.so
[ 86%] Built target AAnalysis
Scanning dependencies of target doocsRawOpenExample
[ 87%] Linking CXX executable doocsRawOpenExample
Scanning dependencies of target daqanalysis
Scanning dependencies of target ladybug
Scanning dependencies of target aoa_app
Scanning dependencies of target data_test
[ 90%] Building CXX object daq_ana/CMakeFiles/ladybug.dir/ladybug.cpp.o
[ 90%] Building CXX object daq_ana/CMakeFiles/daqanalysis.dir/daqanalysis.cpp.o
[ 91%] Building CXX object daq_ana/CMakeFiles/ladybug.dir/ttf2Looper.cc.o
[ 92%] Building CXX object CMakeFiles/aoa_app.dir/src/aoa.cc.o
[ 93%] Building CXX object data_test/CMakeFiles/data_test.dir/data_test.cpp.o
[ 95%] Built target doocsRawOpenExample
[ 96%] Linking CXX executable data_test
[ 96%] Built target data_test
[ 97%] Linking CXX executable ladybug
[ 97%] Built target ladybug
[ 98%] Linking CXX executable daqanalysis
[ 98%] Built target daqanalysis
[100%] Linking CXX executable aoa_app
[100%] Built target aoa_app
